<?xml version="1.0" encoding="UTF-8"?>
<!-- Generated by org.testng.reporters.JUnitXMLReporter -->
<testsuite hostname="WIN-NUTOTAM2N37" ignored="2" name="Regression Registration on Mozilla" tests="3" failures="0" timestamp="30 May 2018 12:53:39 GMT" time="1.026" errors="0">
  <testcase name="@BeforeMethod setup" time="0.006" classname="com.zomato.WebPages.ZomatoRegistration">
    <failure type="java.lang.NullPointerException">
      <![CDATA[java.lang.NullPointerExceptionat com.zomato.WebPages.ZomatoRegistration.setup(ZomatoRegistration.java:84)... Removed 28 stack frames]]>
    </failure>
  </testcase> <!-- @BeforeMethod setup -->
  <testcase name="@AfterMethod teardown" time="0.0" classname="com.zomato.WebPages.ZomatoRegistration">
    <skipped/>
  </testcase> <!-- @AfterMethod teardown -->
  <testcase name="@BeforeMethod setup" time="0.0" classname="com.zomato.WebPages.ZomatoRegistration">
    <skipped/>
  </testcase> <!-- @BeforeMethod setup -->
  <testcase name="@AfterMethod teardown" time="0.0" classname="com.zomato.WebPages.ZomatoRegistration">
    <skipped/>
  </testcase> <!-- @AfterMethod teardown -->
  <testcase name="@BeforeMethod setup" time="0.0" classname="com.zomato.WebPages.ZomatoRegistration">
    <skipped/>
  </testcase> <!-- @BeforeMethod setup -->
  <testcase name="@AfterMethod teardown" time="0.0" classname="com.zomato.WebPages.ZomatoRegistration">
    <skipped/>
  </testcase> <!-- @AfterMethod teardown -->
  <testcase name="login_zomato" time="0.0" classname="com.zomato.WebPages.ZomatoRegistration">
    <skipped/>
  </testcase> <!-- login_zomato -->
  <testcase name="login_zomato" time="0.0" classname="com.zomato.WebPages.ZomatoRegistration">
    <skipped/>
  </testcase> <!-- login_zomato -->
  <testcase name="login_zomato" time="0.0" classname="com.zomato.WebPages.ZomatoRegistration">
    <skipped/>
  </testcase> <!-- login_zomato -->
  <testcase name="logout" time="0.0" classname="com.zomato.WebPages.ZomatoRegistration">
    <ignored/>
  </testcase> <!-- logout -->
  <testcase name="create_account" time="0.0" classname="com.zomato.WebPages.ZomatoRegistration">
    <ignored/>
  </testcase> <!-- create_account -->
</testsuite> <!-- Regression Registration on Mozilla -->
